mode: set
github.com/gleicon/tldt/cmd/tldt/main.go:17.13,27.22 10 0
github.com/gleicon/tldt/cmd/tldt/main.go:27.22,32.3 4 0
github.com/gleicon/tldt/cmd/tldt/main.go:33.2,36.16 3 0
github.com/gleicon/tldt/cmd/tldt/main.go:36.16,39.3 2 0
github.com/gleicon/tldt/cmd/tldt/main.go:40.2,41.16 2 0
github.com/gleicon/tldt/cmd/tldt/main.go:41.16,44.3 2 0
github.com/gleicon/tldt/cmd/tldt/main.go:45.2,45.13 1 0
github.com/gleicon/tldt/cmd/tldt/main.go:45.13,47.3 1 0
github.com/gleicon/tldt/cmd/tldt/main.go:49.2,50.13 2 0
github.com/gleicon/tldt/cmd/tldt/main.go:50.13,52.3 1 0
github.com/gleicon/tldt/cmd/tldt/main.go:54.2,55.16 2 0
github.com/gleicon/tldt/cmd/tldt/main.go:55.16,58.3 2 0
github.com/gleicon/tldt/cmd/tldt/main.go:60.2,62.14 3 0
github.com/gleicon/tldt/cmd/tldt/main.go:62.14,63.45 1 0
github.com/gleicon/tldt/cmd/tldt/main.go:63.45,67.19 4 0
github.com/gleicon/tldt/cmd/tldt/main.go:67.19,70.5 2 0
github.com/gleicon/tldt/cmd/tldt/main.go:71.4,71.19 1 0
github.com/gleicon/tldt/cmd/tldt/main.go:71.19,73.5 1 0
github.com/gleicon/tldt/cmd/tldt/main.go:74.9,79.19 4 0
github.com/gleicon/tldt/cmd/tldt/main.go:79.19,82.5 2 0
github.com/gleicon/tldt/cmd/tldt/main.go:84.8,87.18 3 0
github.com/gleicon/tldt/cmd/tldt/main.go:87.18,90.4 2 0
github.com/gleicon/tldt/cmd/tldt/main.go:94.2,94.18 1 0
github.com/gleicon/tldt/cmd/tldt/main.go:94.18,96.17 2 0
github.com/gleicon/tldt/cmd/tldt/main.go:96.17,99.4 2 0
github.com/gleicon/tldt/cmd/tldt/main.go:100.3,104.126 5 0
github.com/gleicon/tldt/cmd/tldt/main.go:108.2,112.15 5 0
github.com/gleicon/tldt/cmd/tldt/main.go:112.15,114.3 1 0
github.com/gleicon/tldt/cmd/tldt/main.go:115.2,115.35 1 0
github.com/gleicon/tldt/cmd/tldt/main.go:115.35,118.3 1 0
github.com/gleicon/tldt/cmd/tldt/main.go:121.2,132.17 2 0
github.com/gleicon/tldt/cmd/tldt/main.go:133.14,135.17 2 0
github.com/gleicon/tldt/cmd/tldt/main.go:135.17,138.4 2 0
github.com/gleicon/tldt/cmd/tldt/main.go:139.3,139.19 1 0
github.com/gleicon/tldt/cmd/tldt/main.go:140.18,141.52 1 0
github.com/gleicon/tldt/cmd/tldt/main.go:142.10,143.22 1 0
github.com/gleicon/tldt/cmd/tldt/main.go:143.22,145.4 1 0
github.com/gleicon/tldt/cmd/tldt/main.go:145.9,147.4 1 0
github.com/gleicon/tldt/cmd/tldt/main.go:151.33,153.17 2 1
github.com/gleicon/tldt/cmd/tldt/main.go:153.17,155.3 1 1
github.com/gleicon/tldt/cmd/tldt/main.go:156.2,158.13 3 1
github.com/gleicon/tldt/cmd/tldt/main.go:158.13,160.19 2 1
github.com/gleicon/tldt/cmd/tldt/main.go:160.19,162.4 1 1
github.com/gleicon/tldt/cmd/tldt/main.go:164.2,164.35 1 1
github.com/gleicon/tldt/cmd/tldt/main.go:164.35,166.19 2 1
github.com/gleicon/tldt/cmd/tldt/main.go:166.19,168.4 1 1
github.com/gleicon/tldt/cmd/tldt/main.go:170.2,170.19 1 1
github.com/gleicon/tldt/cmd/tldt/main.go:173.60,174.35 1 1
github.com/gleicon/tldt/cmd/tldt/main.go:174.35,176.3 1 1
github.com/gleicon/tldt/cmd/tldt/main.go:177.2,177.24 1 1
github.com/gleicon/tldt/cmd/tldt/main.go:177.24,179.3 1 1
github.com/gleicon/tldt/cmd/tldt/main.go:180.2,184.25 5 1
github.com/gleicon/tldt/cmd/tldt/main.go:184.25,186.14 2 1
github.com/gleicon/tldt/cmd/tldt/main.go:186.14,188.4 1 1
github.com/gleicon/tldt/cmd/tldt/main.go:189.3,189.12 1 1
github.com/gleicon/tldt/cmd/tldt/main.go:189.12,191.4 1 1
github.com/gleicon/tldt/cmd/tldt/main.go:192.3,193.14 2 1
github.com/gleicon/tldt/cmd/tldt/main.go:195.2,195.19 1 1
github.com/gleicon/tldt/cmd/tldt/main.go:199.72,201.56 2 0
github.com/gleicon/tldt/cmd/tldt/main.go:201.56,203.17 2 0
github.com/gleicon/tldt/cmd/tldt/main.go:203.17,205.4 1 0
github.com/gleicon/tldt/cmd/tldt/main.go:206.3,206.19 1 0
github.com/gleicon/tldt/cmd/tldt/main.go:208.2,208.20 1 0
github.com/gleicon/tldt/cmd/tldt/main.go:208.20,210.17 2 0
github.com/gleicon/tldt/cmd/tldt/main.go:210.17,212.4 1 0
github.com/gleicon/tldt/cmd/tldt/main.go:213.3,213.19 1 0
github.com/gleicon/tldt/cmd/tldt/main.go:215.2,215.19 1 0
github.com/gleicon/tldt/cmd/tldt/main.go:215.19,217.3 1 0
github.com/gleicon/tldt/cmd/tldt/main.go:218.2,218.93 1 0
github.com/gleicon/tldt/cmd/tldt/main.go:225.55,226.35 1 1
github.com/gleicon/tldt/cmd/tldt/main.go:226.35,228.3 1 1
github.com/gleicon/tldt/cmd/tldt/main.go:229.2,229.23 1 1
github.com/gleicon/tldt/cmd/tldt/main.go:229.23,231.3 1 0
github.com/gleicon/tldt/cmd/tldt/main.go:232.2,233.35 2 1
github.com/gleicon/tldt/cmd/tldt/main.go:233.35,235.3 1 1
github.com/gleicon/tldt/cmd/tldt/main.go:236.2,236.25 1 1
github.com/gleicon/tldt/cmd/tldt/main.go:241.52,243.23 2 0
github.com/gleicon/tldt/cmd/tldt/main.go:243.23,245.3 1 0
github.com/gleicon/tldt/cmd/tldt/main.go:246.2,246.39 1 0
github.com/gleicon/tldt/internal/formatter/formatter.go:38.44,40.2 1 1
github.com/gleicon/tldt/internal/formatter/formatter.go:44.71,45.22 1 1
github.com/gleicon/tldt/internal/formatter/formatter.go:45.22,47.3 1 1
github.com/gleicon/tldt/internal/formatter/formatter.go:48.2,60.16 3 1
github.com/gleicon/tldt/internal/formatter/formatter.go:60.16,62.3 1 0
github.com/gleicon/tldt/internal/formatter/formatter.go:63.2,63.23 1 1
github.com/gleicon/tldt/internal/formatter/formatter.go:72.66,77.30 4 1
github.com/gleicon/tldt/internal/formatter/formatter.go:77.30,78.12 1 1
github.com/gleicon/tldt/internal/formatter/formatter.go:78.12,80.4 1 1
github.com/gleicon/tldt/internal/formatter/formatter.go:81.3,81.31 1 1
github.com/gleicon/tldt/internal/formatter/formatter.go:83.2,83.19 1 1
github.com/gleicon/tldt/internal/summarizer/ensemble.go:10.68,12.25 2 1
github.com/gleicon/tldt/internal/summarizer/ensemble.go:12.25,14.3 1 1
github.com/gleicon/tldt/internal/summarizer/ensemble.go:15.2,15.24 1 1
github.com/gleicon/tldt/internal/summarizer/ensemble.go:15.24,17.3 1 1
github.com/gleicon/tldt/internal/summarizer/ensemble.go:18.2,21.26 4 1
github.com/gleicon/tldt/internal/summarizer/ensemble.go:21.26,23.3 1 1
github.com/gleicon/tldt/internal/summarizer/ensemble.go:24.2,24.48 1 1
github.com/gleicon/tldt/internal/summarizer/ensemble.go:28.50,30.30 2 1
github.com/gleicon/tldt/internal/summarizer/ensemble.go:30.30,32.3 1 1
github.com/gleicon/tldt/internal/summarizer/ensemble.go:33.2,35.26 3 1
github.com/gleicon/tldt/internal/summarizer/ensemble.go:35.26,37.3 1 1
github.com/gleicon/tldt/internal/summarizer/ensemble.go:38.2,40.34 3 1
github.com/gleicon/tldt/internal/summarizer/ensemble.go:40.34,42.3 1 1
github.com/gleicon/tldt/internal/summarizer/ensemble.go:43.2,45.24 3 1
github.com/gleicon/tldt/internal/summarizer/ensemble.go:45.24,47.28 2 1
github.com/gleicon/tldt/internal/summarizer/ensemble.go:47.28,49.4 1 1
github.com/gleicon/tldt/internal/summarizer/ensemble.go:51.2,53.15 3 1
github.com/gleicon/tldt/internal/summarizer/ensemble.go:57.51,59.30 2 1
github.com/gleicon/tldt/internal/summarizer/ensemble.go:59.30,61.3 1 1
github.com/gleicon/tldt/internal/summarizer/ensemble.go:62.2,64.24 3 1
github.com/gleicon/tldt/internal/summarizer/ensemble.go:64.24,66.28 2 1
github.com/gleicon/tldt/internal/summarizer/ensemble.go:66.28,67.14 1 1
github.com/gleicon/tldt/internal/summarizer/ensemble.go:67.14,69.5 1 1
github.com/gleicon/tldt/internal/summarizer/ensemble.go:72.2,74.15 3 1
github.com/gleicon/tldt/internal/summarizer/explain.go:53.43,55.22 2 0
github.com/gleicon/tldt/internal/summarizer/explain.go:55.22,57.3 1 0
github.com/gleicon/tldt/internal/summarizer/explain.go:58.2,58.27 1 0
github.com/gleicon/tldt/internal/summarizer/explain.go:63.39,70.21 5 0
github.com/gleicon/tldt/internal/summarizer/explain.go:71.17,73.75 2 0
github.com/gleicon/tldt/internal/summarizer/explain.go:74.18,78.65 4 0
github.com/gleicon/tldt/internal/summarizer/explain.go:81.2,81.22 1 0
github.com/gleicon/tldt/internal/summarizer/explain.go:81.22,83.19 2 0
github.com/gleicon/tldt/internal/summarizer/explain.go:83.19,85.4 1 0
github.com/gleicon/tldt/internal/summarizer/explain.go:86.3,86.80 1 0
github.com/gleicon/tldt/internal/summarizer/explain.go:89.2,91.29 3 0
github.com/gleicon/tldt/internal/summarizer/explain.go:91.29,93.17 2 0
github.com/gleicon/tldt/internal/summarizer/explain.go:93.17,95.4 1 0
github.com/gleicon/tldt/internal/summarizer/explain.go:96.3,97.58 1 0
github.com/gleicon/tldt/internal/summarizer/explain.go:99.2,99.19 1 0
github.com/gleicon/tldt/internal/summarizer/graph.go:11.54,14.2 2 1
github.com/gleicon/tldt/internal/summarizer/graph.go:19.65,21.2 1 1
github.com/gleicon/tldt/internal/summarizer/lexrank.go:18.67,20.25 2 1
github.com/gleicon/tldt/internal/summarizer/lexrank.go:20.25,22.3 1 1
github.com/gleicon/tldt/internal/summarizer/lexrank.go:23.2,23.24 1 1
github.com/gleicon/tldt/internal/summarizer/lexrank.go:23.24,25.3 1 1
github.com/gleicon/tldt/internal/summarizer/lexrank.go:28.2,29.30 2 1
github.com/gleicon/tldt/internal/summarizer/lexrank.go:29.30,31.3 1 1
github.com/gleicon/tldt/internal/summarizer/lexrank.go:34.2,38.26 3 1
github.com/gleicon/tldt/internal/summarizer/lexrank.go:38.26,40.3 1 1
github.com/gleicon/tldt/internal/summarizer/lexrank.go:43.2,45.34 3 1
github.com/gleicon/tldt/internal/summarizer/lexrank.go:45.34,47.3 1 1
github.com/gleicon/tldt/internal/summarizer/lexrank.go:50.2,52.24 3 1
github.com/gleicon/tldt/internal/summarizer/lexrank.go:52.24,54.28 2 1
github.com/gleicon/tldt/internal/summarizer/lexrank.go:54.28,56.4 1 1
github.com/gleicon/tldt/internal/summarizer/lexrank.go:60.2,65.46 3 1
github.com/gleicon/tldt/internal/summarizer/lexrank.go:70.88,73.25 3 1
github.com/gleicon/tldt/internal/summarizer/lexrank.go:73.25,75.3 1 1
github.com/gleicon/tldt/internal/summarizer/lexrank.go:76.2,76.24 1 1
github.com/gleicon/tldt/internal/summarizer/lexrank.go:76.24,78.3 1 0
github.com/gleicon/tldt/internal/summarizer/lexrank.go:79.2,82.30 3 1
github.com/gleicon/tldt/internal/summarizer/lexrank.go:82.30,84.3 1 1
github.com/gleicon/tldt/internal/summarizer/lexrank.go:86.2,88.18 3 1
github.com/gleicon/tldt/internal/summarizer/lexrank.go:88.18,90.25 2 1
github.com/gleicon/tldt/internal/summarizer/lexrank.go:90.25,91.23 1 1
github.com/gleicon/tldt/internal/summarizer/lexrank.go:91.23,93.5 1 1
github.com/gleicon/tldt/internal/summarizer/lexrank.go:94.4,94.23 1 1
github.com/gleicon/tldt/internal/summarizer/lexrank.go:94.23,96.5 1 0
github.com/gleicon/tldt/internal/summarizer/lexrank.go:100.2,101.26 2 1
github.com/gleicon/tldt/internal/summarizer/lexrank.go:101.26,103.3 1 1
github.com/gleicon/tldt/internal/summarizer/lexrank.go:104.2,106.34 3 1
github.com/gleicon/tldt/internal/summarizer/lexrank.go:106.34,108.3 1 1
github.com/gleicon/tldt/internal/summarizer/lexrank.go:110.2,112.24 3 1
github.com/gleicon/tldt/internal/summarizer/lexrank.go:112.24,114.28 2 1
github.com/gleicon/tldt/internal/summarizer/lexrank.go:114.28,116.4 1 1
github.com/gleicon/tldt/internal/summarizer/lexrank.go:118.2,128.27 7 1
github.com/gleicon/tldt/internal/summarizer/lexrank.go:128.27,130.3 1 1
github.com/gleicon/tldt/internal/summarizer/lexrank.go:131.2,136.27 3 1
github.com/gleicon/tldt/internal/summarizer/lexrank.go:136.27,138.3 1 1
github.com/gleicon/tldt/internal/summarizer/lexrank.go:140.2,140.51 1 1
github.com/gleicon/tldt/internal/summarizer/lexrank.go:140.51,142.3 1 1
github.com/gleicon/tldt/internal/summarizer/lexrank.go:143.2,144.32 2 1
github.com/gleicon/tldt/internal/summarizer/lexrank.go:144.32,146.3 1 1
github.com/gleicon/tldt/internal/summarizer/lexrank.go:147.2,148.30 2 1
github.com/gleicon/tldt/internal/summarizer/lexrank.go:148.30,156.3 1 1
github.com/gleicon/tldt/internal/summarizer/lexrank.go:158.2,158.26 1 1
github.com/gleicon/tldt/internal/summarizer/lexrank.go:170.67,173.34 3 1
github.com/gleicon/tldt/internal/summarizer/lexrank.go:173.34,175.27 2 1
github.com/gleicon/tldt/internal/summarizer/lexrank.go:175.27,176.16 1 1
github.com/gleicon/tldt/internal/summarizer/lexrank.go:176.16,179.5 2 1
github.com/gleicon/tldt/internal/summarizer/lexrank.go:184.2,185.20 2 1
github.com/gleicon/tldt/internal/summarizer/lexrank.go:185.20,187.3 1 1
github.com/gleicon/tldt/internal/summarizer/lexrank.go:188.2,191.26 3 1
github.com/gleicon/tldt/internal/summarizer/lexrank.go:191.26,193.3 1 1
github.com/gleicon/tldt/internal/summarizer/lexrank.go:194.2,194.19 1 1
github.com/gleicon/tldt/internal/summarizer/lexrank.go:200.85,201.21 1 1
github.com/gleicon/tldt/internal/summarizer/lexrank.go:201.21,203.3 1 1
github.com/gleicon/tldt/internal/summarizer/lexrank.go:204.2,205.26 2 1
github.com/gleicon/tldt/internal/summarizer/lexrank.go:205.26,206.32 1 1
github.com/gleicon/tldt/internal/summarizer/lexrank.go:206.32,208.4 1 1
github.com/gleicon/tldt/internal/summarizer/lexrank.go:210.2,212.27 3 1
github.com/gleicon/tldt/internal/summarizer/lexrank.go:212.27,214.3 1 1
github.com/gleicon/tldt/internal/summarizer/lexrank.go:215.2,215.10 1 1
github.com/gleicon/tldt/internal/summarizer/lexrank.go:223.47,225.20 2 1
github.com/gleicon/tldt/internal/summarizer/lexrank.go:225.20,230.3 4 1
github.com/gleicon/tldt/internal/summarizer/lexrank.go:231.2,231.24 1 1
github.com/gleicon/tldt/internal/summarizer/lexrank.go:231.24,233.3 1 1
github.com/gleicon/tldt/internal/summarizer/lexrank.go:234.2,234.46 1 1
github.com/gleicon/tldt/internal/summarizer/lexrank.go:239.39,241.24 2 1
github.com/gleicon/tldt/internal/summarizer/lexrank.go:241.24,243.31 2 1
github.com/gleicon/tldt/internal/summarizer/lexrank.go:243.31,245.4 1 1
github.com/gleicon/tldt/internal/summarizer/lexrank.go:246.3,246.14 1 1
github.com/gleicon/tldt/internal/summarizer/lexrank.go:246.14,247.29 1 1
github.com/gleicon/tldt/internal/summarizer/lexrank.go:247.29,249.5 1 1
github.com/gleicon/tldt/internal/summarizer/lexrank.go:250.9,253.29 2 1
github.com/gleicon/tldt/internal/summarizer/lexrank.go:253.29,255.5 1 1
github.com/gleicon/tldt/internal/summarizer/lexrank.go:265.92,268.19 3 1
github.com/gleicon/tldt/internal/summarizer/lexrank.go:268.19,270.3 1 1
github.com/gleicon/tldt/internal/summarizer/lexrank.go:271.2,271.40 1 1
github.com/gleicon/tldt/internal/summarizer/lexrank.go:271.40,273.20 2 1
github.com/gleicon/tldt/internal/summarizer/lexrank.go:273.20,274.24 1 1
github.com/gleicon/tldt/internal/summarizer/lexrank.go:274.24,276.5 1 1
github.com/gleicon/tldt/internal/summarizer/lexrank.go:278.3,279.20 2 1
github.com/gleicon/tldt/internal/summarizer/lexrank.go:279.20,281.4 1 1
github.com/gleicon/tldt/internal/summarizer/lexrank.go:282.3,283.21 2 1
github.com/gleicon/tldt/internal/summarizer/lexrank.go:283.21,285.4 1 1
github.com/gleicon/tldt/internal/summarizer/lexrank.go:287.2,287.26 1 0
github.com/gleicon/tldt/internal/summarizer/lexrank.go:298.71,300.27 2 1
github.com/gleicon/tldt/internal/summarizer/lexrank.go:300.27,302.3 1 1
github.com/gleicon/tldt/internal/summarizer/lexrank.go:304.2,304.47 1 1
github.com/gleicon/tldt/internal/summarizer/lexrank.go:304.47,306.3 1 1
github.com/gleicon/tldt/internal/summarizer/lexrank.go:307.2,307.21 1 1
github.com/gleicon/tldt/internal/summarizer/lexrank.go:307.21,309.3 1 1
github.com/gleicon/tldt/internal/summarizer/lexrank.go:310.2,311.25 2 1
github.com/gleicon/tldt/internal/summarizer/lexrank.go:311.25,313.3 1 1
github.com/gleicon/tldt/internal/summarizer/lexrank.go:315.2,317.26 3 1
github.com/gleicon/tldt/internal/summarizer/lexrank.go:317.26,319.3 1 1
github.com/gleicon/tldt/internal/summarizer/lexrank.go:320.2,320.15 1 1
github.com/gleicon/tldt/internal/summarizer/rouge.go:21.55,29.2 3 1
github.com/gleicon/tldt/internal/summarizer/rouge.go:32.48,36.46 3 1
github.com/gleicon/tldt/internal/summarizer/rouge.go:36.46,38.3 1 1
github.com/gleicon/tldt/internal/summarizer/rouge.go:40.2,41.30 2 1
github.com/gleicon/tldt/internal/summarizer/rouge.go:41.30,42.32 1 1
github.com/gleicon/tldt/internal/summarizer/rouge.go:42.32,43.15 1 1
github.com/gleicon/tldt/internal/summarizer/rouge.go:43.15,45.5 1 1
github.com/gleicon/tldt/internal/summarizer/rouge.go:45.10,47.5 1 1
github.com/gleicon/tldt/internal/summarizer/rouge.go:51.2,53.36 3 1
github.com/gleicon/tldt/internal/summarizer/rouge.go:53.36,55.3 1 0
github.com/gleicon/tldt/internal/summarizer/rouge.go:57.2,60.13 4 1
github.com/gleicon/tldt/internal/summarizer/rouge.go:60.13,62.3 1 1
github.com/gleicon/tldt/internal/summarizer/rouge.go:63.2,63.49 1 1
github.com/gleicon/tldt/internal/summarizer/rouge.go:67.57,69.38 2 1
github.com/gleicon/tldt/internal/summarizer/rouge.go:69.38,72.3 2 1
github.com/gleicon/tldt/internal/summarizer/rouge.go:73.2,73.15 1 1
github.com/gleicon/tldt/internal/summarizer/rouge.go:77.47,78.36 1 1
github.com/gleicon/tldt/internal/summarizer/rouge.go:78.36,80.3 1 1
github.com/gleicon/tldt/internal/summarizer/rouge.go:81.2,85.13 5 1
github.com/gleicon/tldt/internal/summarizer/rouge.go:85.13,87.3 1 1
github.com/gleicon/tldt/internal/summarizer/rouge.go:88.2,88.49 1 1
github.com/gleicon/tldt/internal/summarizer/rouge.go:93.29,94.21 1 1
github.com/gleicon/tldt/internal/summarizer/rouge.go:94.21,96.3 1 1
github.com/gleicon/tldt/internal/summarizer/rouge.go:97.2,100.23 4 1
github.com/gleicon/tldt/internal/summarizer/rouge.go:100.23,101.24 1 1
github.com/gleicon/tldt/internal/summarizer/rouge.go:101.24,102.16 1 1
github.com/gleicon/tldt/internal/summarizer/rouge.go:102.16,104.5 1 1
github.com/gleicon/tldt/internal/summarizer/rouge.go:104.10,104.34 1 1
github.com/gleicon/tldt/internal/summarizer/rouge.go:104.34,106.5 1 1
github.com/gleicon/tldt/internal/summarizer/rouge.go:106.10,108.5 1 1
github.com/gleicon/tldt/internal/summarizer/rouge.go:110.3,111.23 2 1
github.com/gleicon/tldt/internal/summarizer/rouge.go:111.23,113.4 1 1
github.com/gleicon/tldt/internal/summarizer/rouge.go:115.2,115.16 1 1
github.com/gleicon/tldt/internal/summarizer/rouge.go:118.24,119.11 1 1
github.com/gleicon/tldt/internal/summarizer/rouge.go:119.11,121.3 1 1
github.com/gleicon/tldt/internal/summarizer/rouge.go:122.2,122.10 1 0
github.com/gleicon/tldt/internal/summarizer/summarizer.go:14.43,15.14 1 1
github.com/gleicon/tldt/internal/summarizer/summarizer.go:16.17,17.25 1 1
github.com/gleicon/tldt/internal/summarizer/summarizer.go:18.18,19.26 1 1
github.com/gleicon/tldt/internal/summarizer/summarizer.go:20.15,21.23 1 1
github.com/gleicon/tldt/internal/summarizer/summarizer.go:22.18,23.26 1 1
github.com/gleicon/tldt/internal/summarizer/summarizer.go:24.10,25.56 1 1
github.com/gleicon/tldt/internal/summarizer/textrank.go:19.46,20.34 1 1
github.com/gleicon/tldt/internal/summarizer/textrank.go:20.34,22.3 1 1
github.com/gleicon/tldt/internal/summarizer/textrank.go:23.2,24.23 2 1
github.com/gleicon/tldt/internal/summarizer/textrank.go:24.23,26.3 1 1
github.com/gleicon/tldt/internal/summarizer/textrank.go:27.2,28.23 2 1
github.com/gleicon/tldt/internal/summarizer/textrank.go:28.23,30.3 1 1
github.com/gleicon/tldt/internal/summarizer/textrank.go:31.2,32.22 2 1
github.com/gleicon/tldt/internal/summarizer/textrank.go:32.22,33.14 1 1
github.com/gleicon/tldt/internal/summarizer/textrank.go:33.14,35.4 1 1
github.com/gleicon/tldt/internal/summarizer/textrank.go:37.2,37.17 1 1
github.com/gleicon/tldt/internal/summarizer/textrank.go:37.17,39.3 1 1
github.com/gleicon/tldt/internal/summarizer/textrank.go:40.2,40.84 1 1
github.com/gleicon/tldt/internal/summarizer/textrank.go:46.41,48.24 2 1
github.com/gleicon/tldt/internal/summarizer/textrank.go:48.24,50.31 2 1
github.com/gleicon/tldt/internal/summarizer/textrank.go:50.31,52.4 1 1
github.com/gleicon/tldt/internal/summarizer/textrank.go:53.3,53.15 1 1
github.com/gleicon/tldt/internal/summarizer/textrank.go:53.15,54.29 1 1
github.com/gleicon/tldt/internal/summarizer/textrank.go:54.29,56.5 1 1
github.com/gleicon/tldt/internal/summarizer/textrank.go:57.9,58.29 1 1
github.com/gleicon/tldt/internal/summarizer/textrank.go:58.29,60.5 1 1
github.com/gleicon/tldt/internal/summarizer/textrank.go:67.107,70.24 3 1
github.com/gleicon/tldt/internal/summarizer/textrank.go:70.24,72.3 1 1
github.com/gleicon/tldt/internal/summarizer/textrank.go:73.2,75.40 3 1
github.com/gleicon/tldt/internal/summarizer/textrank.go:75.40,76.23 1 1
github.com/gleicon/tldt/internal/summarizer/textrank.go:76.23,78.26 2 1
github.com/gleicon/tldt/internal/summarizer/textrank.go:78.26,80.5 1 1
github.com/gleicon/tldt/internal/summarizer/textrank.go:81.4,81.32 1 1
github.com/gleicon/tldt/internal/summarizer/textrank.go:84.3,85.25 2 1
github.com/gleicon/tldt/internal/summarizer/textrank.go:85.25,87.13 2 1
github.com/gleicon/tldt/internal/summarizer/textrank.go:87.13,89.5 1 1
github.com/gleicon/tldt/internal/summarizer/textrank.go:90.4,90.13 1 1
github.com/gleicon/tldt/internal/summarizer/textrank.go:92.3,93.21 2 1
github.com/gleicon/tldt/internal/summarizer/textrank.go:93.21,95.4 1 1
github.com/gleicon/tldt/internal/summarizer/textrank.go:97.2,97.31 1 0
github.com/gleicon/tldt/internal/summarizer/textrank.go:102.73,104.25 2 1
github.com/gleicon/tldt/internal/summarizer/textrank.go:104.25,106.3 1 1
github.com/gleicon/tldt/internal/summarizer/textrank.go:107.2,107.48 1 1
github.com/gleicon/tldt/internal/summarizer/textrank.go:107.48,109.3 1 1
github.com/gleicon/tldt/internal/summarizer/textrank.go:110.2,114.26 5 1
github.com/gleicon/tldt/internal/summarizer/textrank.go:114.26,116.3 1 1
github.com/gleicon/tldt/internal/summarizer/textrank.go:117.2,117.15 1 1
github.com/gleicon/tldt/internal/summarizer/textrank.go:122.89,129.25 3 1
github.com/gleicon/tldt/internal/summarizer/textrank.go:129.25,131.3 1 0
github.com/gleicon/tldt/internal/summarizer/textrank.go:132.2,132.24 1 1
github.com/gleicon/tldt/internal/summarizer/textrank.go:132.24,134.3 1 0
github.com/gleicon/tldt/internal/summarizer/textrank.go:135.2,138.30 3 1
github.com/gleicon/tldt/internal/summarizer/textrank.go:138.30,140.3 1 1
github.com/gleicon/tldt/internal/summarizer/textrank.go:142.2,144.24 3 1
github.com/gleicon/tldt/internal/summarizer/textrank.go:144.24,146.28 2 1
github.com/gleicon/tldt/internal/summarizer/textrank.go:146.28,147.14 1 1
github.com/gleicon/tldt/internal/summarizer/textrank.go:147.14,149.5 1 1
github.com/gleicon/tldt/internal/summarizer/textrank.go:154.2,156.24 3 1
github.com/gleicon/tldt/internal/summarizer/textrank.go:156.24,157.28 1 1
github.com/gleicon/tldt/internal/summarizer/textrank.go:157.28,158.14 1 1
github.com/gleicon/tldt/internal/summarizer/textrank.go:158.14,159.13 1 1
github.com/gleicon/tldt/internal/summarizer/textrank.go:161.4,162.13 2 1
github.com/gleicon/tldt/internal/summarizer/textrank.go:162.13,164.31 2 1
github.com/gleicon/tldt/internal/summarizer/textrank.go:164.31,166.6 1 1
github.com/gleicon/tldt/internal/summarizer/textrank.go:167.5,167.29 1 1
github.com/gleicon/tldt/internal/summarizer/textrank.go:171.2,171.32 1 1
github.com/gleicon/tldt/internal/summarizer/textrank.go:171.32,173.3 1 1
github.com/gleicon/tldt/internal/summarizer/textrank.go:175.2,183.27 7 1
github.com/gleicon/tldt/internal/summarizer/textrank.go:183.27,185.3 1 1
github.com/gleicon/tldt/internal/summarizer/textrank.go:186.2,191.27 3 1
github.com/gleicon/tldt/internal/summarizer/textrank.go:191.27,193.3 1 1
github.com/gleicon/tldt/internal/summarizer/textrank.go:194.2,194.51 1 1
github.com/gleicon/tldt/internal/summarizer/textrank.go:194.51,196.3 1 1
github.com/gleicon/tldt/internal/summarizer/textrank.go:197.2,198.32 2 1
github.com/gleicon/tldt/internal/summarizer/textrank.go:198.32,200.3 1 1
github.com/gleicon/tldt/internal/summarizer/textrank.go:201.2,202.30 2 1
github.com/gleicon/tldt/internal/summarizer/textrank.go:202.30,210.3 1 1
github.com/gleicon/tldt/internal/summarizer/textrank.go:212.2,212.26 1 1
github.com/gleicon/tldt/internal/summarizer/textrank.go:218.68,220.25 2 1
github.com/gleicon/tldt/internal/summarizer/textrank.go:220.25,222.3 1 1
github.com/gleicon/tldt/internal/summarizer/textrank.go:223.2,223.24 1 1
github.com/gleicon/tldt/internal/summarizer/textrank.go:223.24,225.3 1 1
github.com/gleicon/tldt/internal/summarizer/textrank.go:228.2,229.30 2 1
github.com/gleicon/tldt/internal/summarizer/textrank.go:229.30,231.3 1 1
github.com/gleicon/tldt/internal/summarizer/textrank.go:234.2,236.24 3 1
github.com/gleicon/tldt/internal/summarizer/textrank.go:236.24,238.28 2 1
github.com/gleicon/tldt/internal/summarizer/textrank.go:238.28,239.14 1 1
github.com/gleicon/tldt/internal/summarizer/textrank.go:239.14,241.5 1 1
github.com/gleicon/tldt/internal/summarizer/textrank.go:245.2,247.48 3 1
github.com/gleicon/tldt/internal/summarizer/tokenizer.go:17.46,19.16 2 1
github.com/gleicon/tldt/internal/summarizer/tokenizer.go:19.16,21.3 1 1
github.com/gleicon/tldt/internal/summarizer/tokenizer.go:22.2,23.6 2 1
github.com/gleicon/tldt/internal/summarizer/tokenizer.go:23.6,25.17 2 1
github.com/gleicon/tldt/internal/summarizer/tokenizer.go:25.17,26.9 1 1
github.com/gleicon/tldt/internal/summarizer/tokenizer.go:29.3,31.21 3 1
github.com/gleicon/tldt/internal/summarizer/tokenizer.go:31.21,33.4 1 1
github.com/gleicon/tldt/internal/summarizer/tokenizer.go:34.3,34.44 1 1
github.com/gleicon/tldt/internal/summarizer/tokenizer.go:37.2,37.16 1 1
github.com/gleicon/tldt/internal/summarizer/tokenizer.go:37.16,39.3 1 1
github.com/gleicon/tldt/internal/summarizer/tokenizer.go:40.2,40.18 1 1
github.com/gleicon/tldt/internal/summarizer/tokenizer.go:45.40,48.42 3 1
github.com/gleicon/tldt/internal/summarizer/tokenizer.go:48.42,49.68 1 1
github.com/gleicon/tldt/internal/summarizer/tokenizer.go:49.68,52.4 2 1
github.com/gleicon/tldt/internal/summarizer/tokenizer.go:53.3,53.50 1 1
github.com/gleicon/tldt/internal/summarizer/tokenizer.go:53.50,55.4 1 1
github.com/gleicon/tldt/internal/summarizer/tokenizer.go:56.3,57.11 2 1
github.com/gleicon/tldt/internal/summarizer/tokenizer.go:59.2,59.39 1 1
github.com/gleicon/tldt/internal/summarizer/tokenizer.go:63.46,66.24 3 1
github.com/gleicon/tldt/internal/summarizer/tokenizer.go:66.24,67.37 1 1
github.com/gleicon/tldt/internal/summarizer/tokenizer.go:67.37,69.4 1 1
github.com/gleicon/tldt/internal/summarizer/tokenizer.go:71.2,71.12 1 1
